warning: ignoring unsupported tag 'PAGE_OUTLINE_PANEL' at line 1765, file /tmp/doxyfile.6U3Iec
warning: Tag 'DOT_TRANSPARENT' at line 2788 of file '/tmp/doxyfile.6U3Iec' has become obsolete.
         To avoid this warning please remove this line from your configuration file or upgrade it using "doxygen -u"
/home/runner/work/hf-pca9685-driver/hf-pca9685-driver/src/pca9685.ipp:23: warning: documented symbol 'pca9685::PCA9685::PCA9685' was not declared or defined.
/home/runner/work/hf-pca9685-driver/hf-pca9685-driver/src/pca9685.ipp:28: warning: documented symbol 'bool pca9685::PCA9685::EnsureInitialized' was not declared or defined.
/home/runner/work/hf-pca9685-driver/hf-pca9685-driver/src/pca9685.ipp:36: warning: documented symbol 'bool pca9685::PCA9685::Reset' was not declared or defined.
/home/runner/work/hf-pca9685-driver/hf-pca9685-driver/src/pca9685.ipp:55: warning: documented symbol 'bool pca9685::PCA9685::SetPwmFreq' was not declared or defined.
/home/runner/work/hf-pca9685-driver/hf-pca9685-driver/src/pca9685.ipp:84: warning: documented symbol 'bool pca9685::PCA9685::SetPwm' was not declared or defined.
/home/runner/work/hf-pca9685-driver/hf-pca9685-driver/src/pca9685.ipp:108: warning: documented symbol 'bool pca9685::PCA9685::SetDuty' was not declared or defined.
/home/runner/work/hf-pca9685-driver/hf-pca9685-driver/src/pca9685.ipp:116: warning: documented symbol 'bool pca9685::PCA9685::SetAllPwm' was not declared or defined.
/home/runner/work/hf-pca9685-driver/hf-pca9685-driver/src/pca9685.ipp:136: warning: documented symbol 'bool pca9685::PCA9685::GetPrescale' was not declared or defined.
/home/runner/work/hf-pca9685-driver/hf-pca9685-driver/src/pca9685.ipp:151: warning: documented symbol 'bool pca9685::PCA9685::Sleep' was not declared or defined.
/home/runner/work/hf-pca9685-driver/hf-pca9685-driver/src/pca9685.ipp:160: warning: documented symbol 'bool pca9685::PCA9685::Wake' was not declared or defined.
/home/runner/work/hf-pca9685-driver/hf-pca9685-driver/src/pca9685.ipp:187: warning: documented symbol 'bool pca9685::PCA9685::SetOutputInvert' was not declared or defined.
/home/runner/work/hf-pca9685-driver/hf-pca9685-driver/src/pca9685.ipp:197: warning: documented symbol 'bool pca9685::PCA9685::SetOutputDriverMode' was not declared or defined.
/home/runner/work/hf-pca9685-driver/hf-pca9685-driver/src/pca9685.ipp:209: warning: documented symbol 'bool pca9685::PCA9685::SetChannelFullOn' was not declared or defined.
/home/runner/work/hf-pca9685-driver/hf-pca9685-driver/src/pca9685.ipp:229: warning: documented symbol 'bool pca9685::PCA9685::SetChannelFullOff' was not declared or defined.
/home/runner/work/hf-pca9685-driver/hf-pca9685-driver/src/pca9685.ipp:251: warning: documented symbol 'bool pca9685::PCA9685::writeReg' was not declared or defined.
/home/runner/work/hf-pca9685-driver/hf-pca9685-driver/src/pca9685.ipp:268: warning: documented symbol 'bool pca9685::PCA9685::readReg' was not declared or defined.
/home/runner/work/hf-pca9685-driver/hf-pca9685-driver/src/pca9685.ipp:285: warning: documented symbol 'bool pca9685::PCA9685::writeRegBlock' was not declared or defined.
/home/runner/work/hf-pca9685-driver/hf-pca9685-driver/src/pca9685.ipp:303: warning: documented symbol 'bool pca9685::PCA9685::readRegBlock' was not declared or defined.
/home/runner/work/hf-pca9685-driver/hf-pca9685-driver/src/pca9685.ipp:320: warning: documented symbol 'bool pca9685::PCA9685::modifyReg' was not declared or defined.
/home/runner/work/hf-pca9685-driver/hf-pca9685-driver/src/pca9685.ipp:334: warning: documented symbol 'uint8_t pca9685::PCA9685::calcPrescale' was not declared or defined.
Doxygen version used: 1.10.0 (ebc57c6dd303a980bd19dd74b8b61c8f3f5180ca)
Searching for include files...
Searching for example files...
Searching for images...
Searching for dot files...
Searching for msc files...
Searching for dia files...
Searching for files to exclude
Searching INPUT for files to process...
Searching for files in directory /home/runner/work/hf-pca9685-driver/hf-pca9685-driver/docs
Searching for files in directory /home/runner/work/hf-pca9685-driver/hf-pca9685-driver/src
Reading and parsing tag files
Parsing files
Reading /home/runner/work/hf-pca9685-driver/hf-pca9685-driver/README.md...
Reading /home/runner/work/hf-pca9685-driver/hf-pca9685-driver/docs/api_reference.md...
Reading /home/runner/work/hf-pca9685-driver/hf-pca9685-driver/docs/configuration.md...
Reading /home/runner/work/hf-pca9685-driver/hf-pca9685-driver/docs/examples.md...
Reading /home/runner/work/hf-pca9685-driver/hf-pca9685-driver/docs/hardware_setup.md...
Reading /home/runner/work/hf-pca9685-driver/hf-pca9685-driver/docs/index.md...
Reading /home/runner/work/hf-pca9685-driver/hf-pca9685-driver/docs/installation.md...
Reading /home/runner/work/hf-pca9685-driver/hf-pca9685-driver/docs/platform_integration.md...
Reading /home/runner/work/hf-pca9685-driver/hf-pca9685-driver/docs/quickstart.md...
Reading /home/runner/work/hf-pca9685-driver/hf-pca9685-driver/docs/troubleshooting.md...
Preprocessing /home/runner/work/hf-pca9685-driver/hf-pca9685-driver/src/pca9685.ipp...
Parsing file /home/runner/work/hf-pca9685-driver/hf-pca9685-driver/src/pca9685.ipp...
Building macro definition list...
Building group list...
Building directory list...
Building namespace list...
Building file list...
Building class list...
Building concept list...
Computing nesting relations for classes...
Associating documentation with classes...
Associating documentation with concepts...
Associating documentation with modules...
Building example list...
Searching for enumerations...
Searching for documented typedefs...
Searching for members imported via using declarations...
Searching for included using directives...
Searching for documented variables...
Building interface member list...
Building member list...
Searching for friends...
Searching for documented defines...
Computing class inheritance relations...
Computing class usage relations...
Flushing cached template relations that have become invalid...
Computing class relations...
Add enum values to enums...
Searching for member function documentation...
Creating members for template instances...
Building page list...
Search for main page...
Computing page relations...
Determining the scope of groups...
Computing module relations...
Sorting lists...
Determining which enums are documented
Computing member relations...
Building full member lists recursively...
Adding members to member groups.
Computing member references...
Inheriting documentation...
Generating disk names...
Adding source references...
Adding xrefitems...
Sorting member lists...
Setting anonymous enum type...
Computing dependencies between directories...
Generating citations page...
Counting members...
Counting data structures...
Resolving user defined references...
Finding anchors and sections in the documentation...
Transferring function references...
Combining using relations...
Adding members to index pages...
Correcting members for VHDL...
Computing tooltip texts...
Generating style sheet...
Generating search indices...
Generating example documentation...
Generating file sources...
Generating file documentation...
Generating docs for file docs/api_reference.md...
Generating docs for file docs/configuration.md...
Generating docs for file docs/examples.md...
Generating docs for file docs/hardware_setup.md...
Generating docs for file docs/index.md...
Generating docs for file docs/installation.md...
Generating docs for file docs/platform_integration.md...
Generating docs for file docs/quickstart.md...
Generating docs for file docs/troubleshooting.md...
Generating docs for file README.md...
Generating docs for file src/pca9685.ipp...
Generating page d/home/runner/work/hf-pca9685-driver/hf-pca9685-driver/docs/examples.md:195: warning: unable to resolve reference to '/home/runner/work/hf-pca9685-driver/hf-pca9685-driver/examples/esp32/README.md' for \ref command
/home/runner/work/hf-pca9685-driver/hf-pca9685-driver/docs/index.md:26: warning: unable to resolve reference to '/home/runner/work/hf-pca9685-driver/hf-pca9685-driver/examples/esp32/docs/index.md' for \ref command
/home/runner/work/hf-pca9685-driver/hf-pca9685-driver/docs/index.md:27: warning: unable to resolve reference to '/home/runner/work/hf-pca9685-driver/hf-pca9685-driver/examples/esp32/docs/comprehensive-test.md' for \ref command
/home/runner/work/hf-pca9685-driver/hf-pca9685-driver/docs/index.md:28: warning: unable to resolve reference to '/home/runner/work/hf-pca9685-driver/hf-pca9685-driver/examples/esp32/docs/servo-demo.md' for \ref command
/home/runner/work/hf-pca9685-driver/hf-pca9685-driver/docs/installation.md:78: warning: unable to resolve reference to '/home/runner/work/hf-pca9685-driver/hf-pca9685-driver/examples/esp32/README.md' for \ref command
/home/runner/work/hf-pca9685-driver/hf-pca9685-driver/README.md:11: warning: unable to resolve reference to '-overview' for \ref command
/home/runner/work/hf-pca9685-driver/hf-pca9685-driver/README.md:12: warning: unable to resolve reference to '-features' for \ref command
/home/runner/work/hf-pca9685-driver/hf-pca9685-driver/README.md:13: warning: unable to resolve reference to '-quick-start' for \ref command
/home/runner/work/hf-pca9685-driver/hf-pca9685-driver/README.md:14: warning: unable to resolve reference to '-installation' for \ref command
/home/runner/work/hf-pca9685-driver/hf-pca9685-driver/README.md:15: warning: unable to resolve reference to '-api-reference' for \ref command
/home/runner/work/hf-pca9685-driver/hf-pca9685-driver/README.md:16: warning: unable to resolve reference to '-examples' for \ref command
/home/runner/work/hf-pca9685-driver/hf-pca9685-driver/README.md:17: warning: unable to resolve reference to '-documentation' for \ref command
/home/runner/work/hf-pca9685-driver/hf-pca9685-driver/README.md:18: warning: unable to resolve reference to '-contributing' for \ref command
/home/runner/work/hf-pca9685-driver/hf-pca9685-driver/README.md:19: warning: unable to resolve reference to '-license' for \ref command
/home/runner/work/hf-pca9685-driver/hf-pca9685-driver/README.md:116: warning: unable to resolve reference to '/home/runner/work/hf-pca9685-driver/hf-pca9685-driver/examples/esp32/README.md' for \ref command
ocumentation...
Generating docs for page md_docs_2api__reference...
Generating docs for page md_docs_2configuration...
Generating docs for page md_docs_2examples...
Generating docs for page md_docs_2hardware__setup...
Generating docs for page md_docs_2index...
Generating docs for page md_docs_2installation...
Generating docs for page md_docs_2platform__integration...
Generating docs for page md_docs_2quickstart...
Generating docs for page md_docs_2troubleshooting...
Generating group documentation...
Generating class documentation...
Generating concept documentation...
Generating module documentation...
Generating namespace documentation...
Generating graph info page...
Generating directory documentation...
Generating index page...
Generating main page...
Generating page index...
Generating topic index...
Generating module index...
Generating module member index...
Generating namespace index...
Generating namespace member index...
Generating concept index...
Generating annotated compound index...
Generating alphabetical compound index...
Generating hierarchical class index...
Generating graphical class hierarchy...
Generating member index...
Generating file index...
Generating file member index...
Generating example index...
finalizing index lists...
writing tag file...
Running plantuml with JAVA...
Running dot...
Patching output file 1/1
type lookup cache used 1/65536 hits=0 misses=1
symbol lookup cache used 1/65536 hits=0 misses=1
finished...
